<?xml version="1.0" encoding="UTF-8"?>
<!-- Generated by org.testng.reporters.JUnitXMLReporter -->
<testsuite ignored="0" hostname="Madhukar" failures="1" tests="7" name="Test" time="21.943" errors="0" timestamp="2025-05-31T19:54:51 IST">
  <testcase classname="day46.OrangeHRM" name="test_loginWithInvalid" time="4.332"/>
  <testcase classname="day46.OrangeHRM" name="test_InvalidCredentialDisplayed" time="0.053"/>
  <testcase classname="day46.OrangeHRM" name="test_logopresence" time="0.029"/>
  <testcase classname="day46.OrangeHRM" name="test_appurl" time="0.008">
    <failure type="java.lang.AssertionError" message="expected [https://opensource-demo.orangehrmlive.com/web/index.pHp/auth/login] but found [https://opensource-demo.orangehrmlive.com/web/index.php/auth/login]">
      <![CDATA[java.lang.AssertionError: expected [https://opensource-demo.orangehrmlive.com/web/index.pHp/auth/login] but found [https://opensource-demo.orangehrmlive.com/web/index.php/auth/login]
at day46.OrangeHRM.test_appurl(OrangeHRM.java:40)
at java.base/java.util.ArrayList.forEach(ArrayList.java:1596)
... Removed 31 stack frames]]>
    </failure>
  </testcase> <!-- test_appurl -->
  <testcase classname="day46.OrangeHRM" name="test_login" time="1.465"/>
  <testcase classname="day46.OrangeHRM" name="Test_logout" time="6.059"/>
  <testcase classname="day46.OrangeHRM" name="test_homepagetitle" time="0.0">
    <skipped/>
  </testcase> <!-- test_homepagetitle -->
</testsuite> <!-- Test -->
